<?xml version="1.0" encoding="UTF-8"?>
<testsuite name="com.portfolio.todolist.domain.service.TodoServiceTest" tests="2" skipped="0" failures="0" errors="0" timestamp="2026-04-06T11:08:37" hostname="champions-MacBook-Pro.local" time="1.748">
  <properties/>
  <testcase name="should return all todos" classname="com.portfolio.todolist.domain.service.TodoServiceTest" time="1.466"/>
  <testcase name="should create a new todo" classname="com.portfolio.todolist.domain.service.TodoServiceTest" time="0.263"/>
  <system-out><![CDATA[]]></system-out>
  <system-err><![CDATA[WARNING: A Java agent has been loaded dynamically (/Users/champion/.gradle/caches/modules-2/files-2.1/net.bytebuddy/byte-buddy-agent/1.15.11/a38b16385e867f59a641330f0362ebe742788ed8/byte-buddy-agent-1.15.11.jar)
WARNING: If a serviceability tool is in use, please run with -XX:+EnableDynamicAgentLoading to hide this warning
WARNING: If a serviceability tool is not in use, please run with -Djdk.instrument.traceUsage for more information
WARNING: Dynamic loading of agents will be disallowed by default in a future release
]]></system-err>
</testsuite>
